info it worked if it ends with ok
verbose cli [ 'node', '/usr/local/bin/npm', 'install' ]
info using npm@1.1.0-beta-10
info using node@v0.6.7
verbose /usr/local/bin/node node symlink
verbose config file /Users/nicovalencia/.npmrc
verbose config file /usr/local/etc/npmrc
verbose config file /usr/local/lib/node_modules/npm/npmrc
ERR! Couldn't read dependencies.
ERR! Error: ENOENT, no such file or directory '/Users/nicovalencia/Desktop/dev/package.json'
ERR! Report this *entire* log at:
ERR!     <http://github.com/isaacs/npm/issues>
ERR! or email it to:
ERR!     <npm-@googlegroups.com>
ERR! 
ERR! System Darwin 11.2.0
ERR! command "node" "/usr/local/bin/npm" "install"
ERR! cwd /Users/nicovalencia/Desktop/dev/websockets-twitter
ERR! node -v v0.6.7
ERR! npm -v 1.1.0-beta-10
ERR! path /Users/nicovalencia/Desktop/dev/package.json
ERR! code ENOENT
ERR! message ENOENT, no such file or directory '/Users/nicovalencia/Desktop/dev/package.json'
verbose exit [ 1, true ]
